<?xml version="1.0" encoding="UTF-8"?>
<testng-results skipped="0" failed="0" total="1" passed="1">
  <reporter-output>
  </reporter-output>
  <suite name="Default suite" duration-ms="13432" started-at="2013-09-20T08:10:14Z" finished-at="2013-09-20T08:10:28Z">
    <groups>
    </groups>
    <test name="Default test" duration-ms="13432" started-at="2013-09-20T08:10:14Z" finished-at="2013-09-20T08:10:28Z">
      <class name="com.mobile.mobileweb.DriverScript">
        <test-method status="PASS" signature="setUp()[pri:0, instance:com.mobile.mobileweb.DriverScript@1a42792]" name="setUp" is-config="true" duration-ms="7" started-at="2013-09-20T13:40:14Z" finished-at="2013-09-20T13:40:14Z">
          <reporter-output>
          </reporter-output>
        </test-method> <!-- setUp -->
        <test-method status="PASS" signature="testCaptureScreen()[pri:0, instance:com.mobile.mobileweb.DriverScript@1a42792]" name="testCaptureScreen" duration-ms="13416" started-at="2013-09-20T13:40:14Z" finished-at="2013-09-20T13:40:28Z">
          <reporter-output>
          </reporter-output>
        </test-method> <!-- testCaptureScreen -->
      </class> <!-- com.mobile.mobileweb.DriverScript -->
    </test> <!-- Default test -->
  </suite> <!-- Default suite -->
</testng-results>
